
CondaError: Run 'conda init' before 'conda activate'

Started analysis of PX3270_TAATGCAG-AACGCCTT_1_150bp_3_lanes.merge.fastq.gz
Approx 5% complete for PX3270_TAATGCAG-AACGCCTT_1_150bp_3_lanes.merge.fastq.gz
Approx 10% complete for PX3270_TAATGCAG-AACGCCTT_1_150bp_3_lanes.merge.fastq.gz
Approx 15% complete for PX3270_TAATGCAG-AACGCCTT_1_150bp_3_lanes.merge.fastq.gz
Approx 20% complete for PX3270_TAATGCAG-AACGCCTT_1_150bp_3_lanes.merge.fastq.gz
Approx 25% complete for PX3270_TAATGCAG-AACGCCTT_1_150bp_3_lanes.merge.fastq.gz
Approx 30% complete for PX3270_TAATGCAG-AACGCCTT_1_150bp_3_lanes.merge.fastq.gz
Approx 35% complete for PX3270_TAATGCAG-AACGCCTT_1_150bp_3_lanes.merge.fastq.gz
Approx 40% complete for PX3270_TAATGCAG-AACGCCTT_1_150bp_3_lanes.merge.fastq.gz
Approx 45% complete for PX3270_TAATGCAG-AACGCCTT_1_150bp_3_lanes.merge.fastq.gz
Approx 50% complete for PX3270_TAATGCAG-AACGCCTT_1_150bp_3_lanes.merge.fastq.gz
Approx 55% complete for PX3270_TAATGCAG-AACGCCTT_1_150bp_3_lanes.merge.fastq.gz
Approx 60% complete for PX3270_TAATGCAG-AACGCCTT_1_150bp_3_lanes.merge.fastq.gz
Approx 65% complete for PX3270_TAATGCAG-AACGCCTT_1_150bp_3_lanes.merge.fastq.gz
Approx 70% complete for PX3270_TAATGCAG-AACGCCTT_1_150bp_3_lanes.merge.fastq.gz
Approx 75% complete for PX3270_TAATGCAG-AACGCCTT_1_150bp_3_lanes.merge.fastq.gz
Approx 80% complete for PX3270_TAATGCAG-AACGCCTT_1_150bp_3_lanes.merge.fastq.gz
Approx 85% complete for PX3270_TAATGCAG-AACGCCTT_1_150bp_3_lanes.merge.fastq.gz
Approx 90% complete for PX3270_TAATGCAG-AACGCCTT_1_150bp_3_lanes.merge.fastq.gz
Approx 95% complete for PX3270_TAATGCAG-AACGCCTT_1_150bp_3_lanes.merge.fastq.gz
Started analysis of PX3270_TAATGCAG-AACGCCTT_2_150bp_3_lanes.merge.fastq.gz
Approx 5% complete for PX3270_TAATGCAG-AACGCCTT_2_150bp_3_lanes.merge.fastq.gz
Approx 10% complete for PX3270_TAATGCAG-AACGCCTT_2_150bp_3_lanes.merge.fastq.gz
Approx 15% complete for PX3270_TAATGCAG-AACGCCTT_2_150bp_3_lanes.merge.fastq.gz
Approx 20% complete for PX3270_TAATGCAG-AACGCCTT_2_150bp_3_lanes.merge.fastq.gz
Approx 25% complete for PX3270_TAATGCAG-AACGCCTT_2_150bp_3_lanes.merge.fastq.gz
Approx 30% complete for PX3270_TAATGCAG-AACGCCTT_2_150bp_3_lanes.merge.fastq.gz
Approx 35% complete for PX3270_TAATGCAG-AACGCCTT_2_150bp_3_lanes.merge.fastq.gz
Approx 40% complete for PX3270_TAATGCAG-AACGCCTT_2_150bp_3_lanes.merge.fastq.gz
Approx 45% complete for PX3270_TAATGCAG-AACGCCTT_2_150bp_3_lanes.merge.fastq.gz
Approx 50% complete for PX3270_TAATGCAG-AACGCCTT_2_150bp_3_lanes.merge.fastq.gz
Approx 55% complete for PX3270_TAATGCAG-AACGCCTT_2_150bp_3_lanes.merge.fastq.gz
Approx 60% complete for PX3270_TAATGCAG-AACGCCTT_2_150bp_3_lanes.merge.fastq.gz
Approx 65% complete for PX3270_TAATGCAG-AACGCCTT_2_150bp_3_lanes.merge.fastq.gz
Approx 70% complete for PX3270_TAATGCAG-AACGCCTT_2_150bp_3_lanes.merge.fastq.gz
Approx 75% complete for PX3270_TAATGCAG-AACGCCTT_2_150bp_3_lanes.merge.fastq.gz
Approx 80% complete for PX3270_TAATGCAG-AACGCCTT_2_150bp_3_lanes.merge.fastq.gz
Approx 85% complete for PX3270_TAATGCAG-AACGCCTT_2_150bp_3_lanes.merge.fastq.gz
Approx 90% complete for PX3270_TAATGCAG-AACGCCTT_2_150bp_3_lanes.merge.fastq.gz
Approx 95% complete for PX3270_TAATGCAG-AACGCCTT_2_150bp_3_lanes.merge.fastq.gz
Started analysis of PX3270_CACAATCG-TGAGTTGA_1_150bp_3_lanes.merge.fastq.gz
Approx 5% complete for PX3270_CACAATCG-TGAGTTGA_1_150bp_3_lanes.merge.fastq.gz
Approx 10% complete for PX3270_CACAATCG-TGAGTTGA_1_150bp_3_lanes.merge.fastq.gz
Approx 15% complete for PX3270_CACAATCG-TGAGTTGA_1_150bp_3_lanes.merge.fastq.gz
Approx 20% complete for PX3270_CACAATCG-TGAGTTGA_1_150bp_3_lanes.merge.fastq.gz
Approx 25% complete for PX3270_CACAATCG-TGAGTTGA_1_150bp_3_lanes.merge.fastq.gz
Approx 30% complete for PX3270_CACAATCG-TGAGTTGA_1_150bp_3_lanes.merge.fastq.gz
Approx 35% complete for PX3270_CACAATCG-TGAGTTGA_1_150bp_3_lanes.merge.fastq.gz
Approx 40% complete for PX3270_CACAATCG-TGAGTTGA_1_150bp_3_lanes.merge.fastq.gz
Approx 45% complete for PX3270_CACAATCG-TGAGTTGA_1_150bp_3_lanes.merge.fastq.gz
Approx 50% complete for PX3270_CACAATCG-TGAGTTGA_1_150bp_3_lanes.merge.fastq.gz
Approx 55% complete for PX3270_CACAATCG-TGAGTTGA_1_150bp_3_lanes.merge.fastq.gz
Approx 60% complete for PX3270_CACAATCG-TGAGTTGA_1_150bp_3_lanes.merge.fastq.gz
Approx 65% complete for PX3270_CACAATCG-TGAGTTGA_1_150bp_3_lanes.merge.fastq.gz
Approx 70% complete for PX3270_CACAATCG-TGAGTTGA_1_150bp_3_lanes.merge.fastq.gz
Approx 75% complete for PX3270_CACAATCG-TGAGTTGA_1_150bp_3_lanes.merge.fastq.gz
Approx 80% complete for PX3270_CACAATCG-TGAGTTGA_1_150bp_3_lanes.merge.fastq.gz
Approx 85% complete for PX3270_CACAATCG-TGAGTTGA_1_150bp_3_lanes.merge.fastq.gz
Approx 90% complete for PX3270_CACAATCG-TGAGTTGA_1_150bp_3_lanes.merge.fastq.gz
Approx 95% complete for PX3270_CACAATCG-TGAGTTGA_1_150bp_3_lanes.merge.fastq.gz
Started analysis of PX3270_CACAATCG-TGAGTTGA_2_150bp_3_lanes.merge.fastq.gz
Approx 5% complete for PX3270_CACAATCG-TGAGTTGA_2_150bp_3_lanes.merge.fastq.gz
Approx 10% complete for PX3270_CACAATCG-TGAGTTGA_2_150bp_3_lanes.merge.fastq.gz
Approx 15% complete for PX3270_CACAATCG-TGAGTTGA_2_150bp_3_lanes.merge.fastq.gz
Approx 20% complete for PX3270_CACAATCG-TGAGTTGA_2_150bp_3_lanes.merge.fastq.gz
Approx 25% complete for PX3270_CACAATCG-TGAGTTGA_2_150bp_3_lanes.merge.fastq.gz
Approx 30% complete for PX3270_CACAATCG-TGAGTTGA_2_150bp_3_lanes.merge.fastq.gz
Approx 35% complete for PX3270_CACAATCG-TGAGTTGA_2_150bp_3_lanes.merge.fastq.gz
Approx 40% complete for PX3270_CACAATCG-TGAGTTGA_2_150bp_3_lanes.merge.fastq.gz
Approx 45% complete for PX3270_CACAATCG-TGAGTTGA_2_150bp_3_lanes.merge.fastq.gz
Approx 50% complete for PX3270_CACAATCG-TGAGTTGA_2_150bp_3_lanes.merge.fastq.gz
Approx 55% complete for PX3270_CACAATCG-TGAGTTGA_2_150bp_3_lanes.merge.fastq.gz
Approx 60% complete for PX3270_CACAATCG-TGAGTTGA_2_150bp_3_lanes.merge.fastq.gz
Approx 65% complete for PX3270_CACAATCG-TGAGTTGA_2_150bp_3_lanes.merge.fastq.gz
Approx 70% complete for PX3270_CACAATCG-TGAGTTGA_2_150bp_3_lanes.merge.fastq.gz
Approx 75% complete for PX3270_CACAATCG-TGAGTTGA_2_150bp_3_lanes.merge.fastq.gz
Approx 80% complete for PX3270_CACAATCG-TGAGTTGA_2_150bp_3_lanes.merge.fastq.gz
Approx 85% complete for PX3270_CACAATCG-TGAGTTGA_2_150bp_3_lanes.merge.fastq.gz
Approx 90% complete for PX3270_CACAATCG-TGAGTTGA_2_150bp_3_lanes.merge.fastq.gz
Approx 95% complete for PX3270_CACAATCG-TGAGTTGA_2_150bp_3_lanes.merge.fastq.gz
Started analysis of PX3270_TTAGTGGT-CAGACCTT_1_150bp_3_lanes.merge.fastq.gz
Approx 5% complete for PX3270_TTAGTGGT-CAGACCTT_1_150bp_3_lanes.merge.fastq.gz
Approx 10% complete for PX3270_TTAGTGGT-CAGACCTT_1_150bp_3_lanes.merge.fastq.gz
Approx 15% complete for PX3270_TTAGTGGT-CAGACCTT_1_150bp_3_lanes.merge.fastq.gz
Approx 20% complete for PX3270_TTAGTGGT-CAGACCTT_1_150bp_3_lanes.merge.fastq.gz
Approx 25% complete for PX3270_TTAGTGGT-CAGACCTT_1_150bp_3_lanes.merge.fastq.gz
Approx 30% complete for PX3270_TTAGTGGT-CAGACCTT_1_150bp_3_lanes.merge.fastq.gz
Approx 35% complete for PX3270_TTAGTGGT-CAGACCTT_1_150bp_3_lanes.merge.fastq.gz
Approx 40% complete for PX3270_TTAGTGGT-CAGACCTT_1_150bp_3_lanes.merge.fastq.gz
Approx 45% complete for PX3270_TTAGTGGT-CAGACCTT_1_150bp_3_lanes.merge.fastq.gz
Approx 50% complete for PX3270_TTAGTGGT-CAGACCTT_1_150bp_3_lanes.merge.fastq.gz
Approx 55% complete for PX3270_TTAGTGGT-CAGACCTT_1_150bp_3_lanes.merge.fastq.gz
Approx 60% complete for PX3270_TTAGTGGT-CAGACCTT_1_150bp_3_lanes.merge.fastq.gz
Approx 65% complete for PX3270_TTAGTGGT-CAGACCTT_1_150bp_3_lanes.merge.fastq.gz
Approx 70% complete for PX3270_TTAGTGGT-CAGACCTT_1_150bp_3_lanes.merge.fastq.gz
Approx 75% complete for PX3270_TTAGTGGT-CAGACCTT_1_150bp_3_lanes.merge.fastq.gz
Approx 80% complete for PX3270_TTAGTGGT-CAGACCTT_1_150bp_3_lanes.merge.fastq.gz
Approx 85% complete for PX3270_TTAGTGGT-CAGACCTT_1_150bp_3_lanes.merge.fastq.gz
Approx 90% complete for PX3270_TTAGTGGT-CAGACCTT_1_150bp_3_lanes.merge.fastq.gz
Approx 95% complete for PX3270_TTAGTGGT-CAGACCTT_1_150bp_3_lanes.merge.fastq.gz
Started analysis of PX3270_TTAGTGGT-CAGACCTT_2_150bp_3_lanes.merge.fastq.gz
Approx 5% complete for PX3270_TTAGTGGT-CAGACCTT_2_150bp_3_lanes.merge.fastq.gz
Approx 10% complete for PX3270_TTAGTGGT-CAGACCTT_2_150bp_3_lanes.merge.fastq.gz
Approx 15% complete for PX3270_TTAGTGGT-CAGACCTT_2_150bp_3_lanes.merge.fastq.gz
Approx 20% complete for PX3270_TTAGTGGT-CAGACCTT_2_150bp_3_lanes.merge.fastq.gz
Approx 25% complete for PX3270_TTAGTGGT-CAGACCTT_2_150bp_3_lanes.merge.fastq.gz
Approx 30% complete for PX3270_TTAGTGGT-CAGACCTT_2_150bp_3_lanes.merge.fastq.gz
Approx 35% complete for PX3270_TTAGTGGT-CAGACCTT_2_150bp_3_lanes.merge.fastq.gz
Approx 40% complete for PX3270_TTAGTGGT-CAGACCTT_2_150bp_3_lanes.merge.fastq.gz
Approx 45% complete for PX3270_TTAGTGGT-CAGACCTT_2_150bp_3_lanes.merge.fastq.gz
Approx 50% complete for PX3270_TTAGTGGT-CAGACCTT_2_150bp_3_lanes.merge.fastq.gz
Approx 55% complete for PX3270_TTAGTGGT-CAGACCTT_2_150bp_3_lanes.merge.fastq.gz
Approx 60% complete for PX3270_TTAGTGGT-CAGACCTT_2_150bp_3_lanes.merge.fastq.gz
Approx 65% complete for PX3270_TTAGTGGT-CAGACCTT_2_150bp_3_lanes.merge.fastq.gz
Approx 70% complete for PX3270_TTAGTGGT-CAGACCTT_2_150bp_3_lanes.merge.fastq.gz
Approx 75% complete for PX3270_TTAGTGGT-CAGACCTT_2_150bp_3_lanes.merge.fastq.gz
Approx 80% complete for PX3270_TTAGTGGT-CAGACCTT_2_150bp_3_lanes.merge.fastq.gz
Approx 85% complete for PX3270_TTAGTGGT-CAGACCTT_2_150bp_3_lanes.merge.fastq.gz
Approx 90% complete for PX3270_TTAGTGGT-CAGACCTT_2_150bp_3_lanes.merge.fastq.gz
Approx 95% complete for PX3270_TTAGTGGT-CAGACCTT_2_150bp_3_lanes.merge.fastq.gz
Started analysis of PX3270_CCGGAACA-TTCCACCG_1_150bp_3_lanes.merge.fastq.gz
Approx 5% complete for PX3270_CCGGAACA-TTCCACCG_1_150bp_3_lanes.merge.fastq.gz
Approx 10% complete for PX3270_CCGGAACA-TTCCACCG_1_150bp_3_lanes.merge.fastq.gz
Approx 15% complete for PX3270_CCGGAACA-TTCCACCG_1_150bp_3_lanes.merge.fastq.gz
Approx 20% complete for PX3270_CCGGAACA-TTCCACCG_1_150bp_3_lanes.merge.fastq.gz
Approx 25% complete for PX3270_CCGGAACA-TTCCACCG_1_150bp_3_lanes.merge.fastq.gz
Approx 30% complete for PX3270_CCGGAACA-TTCCACCG_1_150bp_3_lanes.merge.fastq.gz
Approx 35% complete for PX3270_CCGGAACA-TTCCACCG_1_150bp_3_lanes.merge.fastq.gz
Approx 40% complete for PX3270_CCGGAACA-TTCCACCG_1_150bp_3_lanes.merge.fastq.gz
Approx 45% complete for PX3270_CCGGAACA-TTCCACCG_1_150bp_3_lanes.merge.fastq.gz
Approx 50% complete for PX3270_CCGGAACA-TTCCACCG_1_150bp_3_lanes.merge.fastq.gz
Approx 55% complete for PX3270_CCGGAACA-TTCCACCG_1_150bp_3_lanes.merge.fastq.gz
Approx 60% complete for PX3270_CCGGAACA-TTCCACCG_1_150bp_3_lanes.merge.fastq.gz
Approx 65% complete for PX3270_CCGGAACA-TTCCACCG_1_150bp_3_lanes.merge.fastq.gz
Approx 70% complete for PX3270_CCGGAACA-TTCCACCG_1_150bp_3_lanes.merge.fastq.gz
Approx 75% complete for PX3270_CCGGAACA-TTCCACCG_1_150bp_3_lanes.merge.fastq.gz
Approx 80% complete for PX3270_CCGGAACA-TTCCACCG_1_150bp_3_lanes.merge.fastq.gz
Approx 85% complete for PX3270_CCGGAACA-TTCCACCG_1_150bp_3_lanes.merge.fastq.gz
Approx 90% complete for PX3270_CCGGAACA-TTCCACCG_1_150bp_3_lanes.merge.fastq.gz
Approx 95% complete for PX3270_CCGGAACA-TTCCACCG_1_150bp_3_lanes.merge.fastq.gz
Started analysis of PX3270_CCGGAACA-TTCCACCG_2_150bp_3_lanes.merge.fastq.gz
Approx 5% complete for PX3270_CCGGAACA-TTCCACCG_2_150bp_3_lanes.merge.fastq.gz
Approx 10% complete for PX3270_CCGGAACA-TTCCACCG_2_150bp_3_lanes.merge.fastq.gz
Approx 15% complete for PX3270_CCGGAACA-TTCCACCG_2_150bp_3_lanes.merge.fastq.gz
Approx 20% complete for PX3270_CCGGAACA-TTCCACCG_2_150bp_3_lanes.merge.fastq.gz
Approx 25% complete for PX3270_CCGGAACA-TTCCACCG_2_150bp_3_lanes.merge.fastq.gz
Approx 30% complete for PX3270_CCGGAACA-TTCCACCG_2_150bp_3_lanes.merge.fastq.gz
Approx 35% complete for PX3270_CCGGAACA-TTCCACCG_2_150bp_3_lanes.merge.fastq.gz
Approx 40% complete for PX3270_CCGGAACA-TTCCACCG_2_150bp_3_lanes.merge.fastq.gz
Approx 45% complete for PX3270_CCGGAACA-TTCCACCG_2_150bp_3_lanes.merge.fastq.gz
Approx 50% complete for PX3270_CCGGAACA-TTCCACCG_2_150bp_3_lanes.merge.fastq.gz
Approx 55% complete for PX3270_CCGGAACA-TTCCACCG_2_150bp_3_lanes.merge.fastq.gz
Approx 60% complete for PX3270_CCGGAACA-TTCCACCG_2_150bp_3_lanes.merge.fastq.gz
Approx 65% complete for PX3270_CCGGAACA-TTCCACCG_2_150bp_3_lanes.merge.fastq.gz
Approx 70% complete for PX3270_CCGGAACA-TTCCACCG_2_150bp_3_lanes.merge.fastq.gz
Approx 75% complete for PX3270_CCGGAACA-TTCCACCG_2_150bp_3_lanes.merge.fastq.gz
Approx 80% complete for PX3270_CCGGAACA-TTCCACCG_2_150bp_3_lanes.merge.fastq.gz
Approx 85% complete for PX3270_CCGGAACA-TTCCACCG_2_150bp_3_lanes.merge.fastq.gz
Approx 90% complete for PX3270_CCGGAACA-TTCCACCG_2_150bp_3_lanes.merge.fastq.gz
Approx 95% complete for PX3270_CCGGAACA-TTCCACCG_2_150bp_3_lanes.merge.fastq.gz
Started analysis of PX3270_CGATGGTG-CACTACTT_1_150bp_3_lanes.merge.fastq.gz
Approx 5% complete for PX3270_CGATGGTG-CACTACTT_1_150bp_3_lanes.merge.fastq.gz
Approx 10% complete for PX3270_CGATGGTG-CACTACTT_1_150bp_3_lanes.merge.fastq.gz
Approx 15% complete for PX3270_CGATGGTG-CACTACTT_1_150bp_3_lanes.merge.fastq.gz
Approx 20% complete for PX3270_CGATGGTG-CACTACTT_1_150bp_3_lanes.merge.fastq.gz
Approx 25% complete for PX3270_CGATGGTG-CACTACTT_1_150bp_3_lanes.merge.fastq.gz
Approx 30% complete for PX3270_CGATGGTG-CACTACTT_1_150bp_3_lanes.merge.fastq.gz
Approx 35% complete for PX3270_CGATGGTG-CACTACTT_1_150bp_3_lanes.merge.fastq.gz
Approx 40% complete for PX3270_CGATGGTG-CACTACTT_1_150bp_3_lanes.merge.fastq.gz
Approx 45% complete for PX3270_CGATGGTG-CACTACTT_1_150bp_3_lanes.merge.fastq.gz
Approx 50% complete for PX3270_CGATGGTG-CACTACTT_1_150bp_3_lanes.merge.fastq.gz
Approx 55% complete for PX3270_CGATGGTG-CACTACTT_1_150bp_3_lanes.merge.fastq.gz
Approx 60% complete for PX3270_CGATGGTG-CACTACTT_1_150bp_3_lanes.merge.fastq.gz
Approx 65% complete for PX3270_CGATGGTG-CACTACTT_1_150bp_3_lanes.merge.fastq.gz
Approx 70% complete for PX3270_CGATGGTG-CACTACTT_1_150bp_3_lanes.merge.fastq.gz
Approx 75% complete for PX3270_CGATGGTG-CACTACTT_1_150bp_3_lanes.merge.fastq.gz
Approx 80% complete for PX3270_CGATGGTG-CACTACTT_1_150bp_3_lanes.merge.fastq.gz
Approx 85% complete for PX3270_CGATGGTG-CACTACTT_1_150bp_3_lanes.merge.fastq.gz
Approx 90% complete for PX3270_CGATGGTG-CACTACTT_1_150bp_3_lanes.merge.fastq.gz
Approx 95% complete for PX3270_CGATGGTG-CACTACTT_1_150bp_3_lanes.merge.fastq.gz
Started analysis of PX3270_CGATGGTG-CACTACTT_2_150bp_3_lanes.merge.fastq.gz
Approx 5% complete for PX3270_CGATGGTG-CACTACTT_2_150bp_3_lanes.merge.fastq.gz
Approx 10% complete for PX3270_CGATGGTG-CACTACTT_2_150bp_3_lanes.merge.fastq.gz
Approx 15% complete for PX3270_CGATGGTG-CACTACTT_2_150bp_3_lanes.merge.fastq.gz
Approx 20% complete for PX3270_CGATGGTG-CACTACTT_2_150bp_3_lanes.merge.fastq.gz
Approx 25% complete for PX3270_CGATGGTG-CACTACTT_2_150bp_3_lanes.merge.fastq.gz
Approx 30% complete for PX3270_CGATGGTG-CACTACTT_2_150bp_3_lanes.merge.fastq.gz
Approx 35% complete for PX3270_CGATGGTG-CACTACTT_2_150bp_3_lanes.merge.fastq.gz
Approx 40% complete for PX3270_CGATGGTG-CACTACTT_2_150bp_3_lanes.merge.fastq.gz
Approx 45% complete for PX3270_CGATGGTG-CACTACTT_2_150bp_3_lanes.merge.fastq.gz
Approx 50% complete for PX3270_CGATGGTG-CACTACTT_2_150bp_3_lanes.merge.fastq.gz
Approx 55% complete for PX3270_CGATGGTG-CACTACTT_2_150bp_3_lanes.merge.fastq.gz
Approx 60% complete for PX3270_CGATGGTG-CACTACTT_2_150bp_3_lanes.merge.fastq.gz
Approx 65% complete for PX3270_CGATGGTG-CACTACTT_2_150bp_3_lanes.merge.fastq.gz
Approx 70% complete for PX3270_CGATGGTG-CACTACTT_2_150bp_3_lanes.merge.fastq.gz
Approx 75% complete for PX3270_CGATGGTG-CACTACTT_2_150bp_3_lanes.merge.fastq.gz
Approx 80% complete for PX3270_CGATGGTG-CACTACTT_2_150bp_3_lanes.merge.fastq.gz
Approx 85% complete for PX3270_CGATGGTG-CACTACTT_2_150bp_3_lanes.merge.fastq.gz
Approx 90% complete for PX3270_CGATGGTG-CACTACTT_2_150bp_3_lanes.merge.fastq.gz
Approx 95% complete for PX3270_CGATGGTG-CACTACTT_2_150bp_3_lanes.merge.fastq.gz
Started analysis of PX3270_TAGAGGCT-CGTGGAGT_1_150bp_3_lanes.merge.fastq.gz
Approx 5% complete for PX3270_TAGAGGCT-CGTGGAGT_1_150bp_3_lanes.merge.fastq.gz
Approx 10% complete for PX3270_TAGAGGCT-CGTGGAGT_1_150bp_3_lanes.merge.fastq.gz
Approx 15% complete for PX3270_TAGAGGCT-CGTGGAGT_1_150bp_3_lanes.merge.fastq.gz
Approx 20% complete for PX3270_TAGAGGCT-CGTGGAGT_1_150bp_3_lanes.merge.fastq.gz
Approx 25% complete for PX3270_TAGAGGCT-CGTGGAGT_1_150bp_3_lanes.merge.fastq.gz
Approx 30% complete for PX3270_TAGAGGCT-CGTGGAGT_1_150bp_3_lanes.merge.fastq.gz
Approx 35% complete for PX3270_TAGAGGCT-CGTGGAGT_1_150bp_3_lanes.merge.fastq.gz
Approx 40% complete for PX3270_TAGAGGCT-CGTGGAGT_1_150bp_3_lanes.merge.fastq.gz
Approx 45% complete for PX3270_TAGAGGCT-CGTGGAGT_1_150bp_3_lanes.merge.fastq.gz
Approx 50% complete for PX3270_TAGAGGCT-CGTGGAGT_1_150bp_3_lanes.merge.fastq.gz
Approx 55% complete for PX3270_TAGAGGCT-CGTGGAGT_1_150bp_3_lanes.merge.fastq.gz
Approx 60% complete for PX3270_TAGAGGCT-CGTGGAGT_1_150bp_3_lanes.merge.fastq.gz
Approx 65% complete for PX3270_TAGAGGCT-CGTGGAGT_1_150bp_3_lanes.merge.fastq.gz
Approx 70% complete for PX3270_TAGAGGCT-CGTGGAGT_1_150bp_3_lanes.merge.fastq.gz
Approx 75% complete for PX3270_TAGAGGCT-CGTGGAGT_1_150bp_3_lanes.merge.fastq.gz
Approx 80% complete for PX3270_TAGAGGCT-CGTGGAGT_1_150bp_3_lanes.merge.fastq.gz
Approx 85% complete for PX3270_TAGAGGCT-CGTGGAGT_1_150bp_3_lanes.merge.fastq.gz
Approx 90% complete for PX3270_TAGAGGCT-CGTGGAGT_1_150bp_3_lanes.merge.fastq.gz
Approx 95% complete for PX3270_TAGAGGCT-CGTGGAGT_1_150bp_3_lanes.merge.fastq.gz
Started analysis of PX3270_TAGAGGCT-CGTGGAGT_2_150bp_3_lanes.merge.fastq.gz
Approx 5% complete for PX3270_TAGAGGCT-CGTGGAGT_2_150bp_3_lanes.merge.fastq.gz
Approx 10% complete for PX3270_TAGAGGCT-CGTGGAGT_2_150bp_3_lanes.merge.fastq.gz
Approx 15% complete for PX3270_TAGAGGCT-CGTGGAGT_2_150bp_3_lanes.merge.fastq.gz
Approx 20% complete for PX3270_TAGAGGCT-CGTGGAGT_2_150bp_3_lanes.merge.fastq.gz
Approx 25% complete for PX3270_TAGAGGCT-CGTGGAGT_2_150bp_3_lanes.merge.fastq.gz
Approx 30% complete for PX3270_TAGAGGCT-CGTGGAGT_2_150bp_3_lanes.merge.fastq.gz
Approx 35% complete for PX3270_TAGAGGCT-CGTGGAGT_2_150bp_3_lanes.merge.fastq.gz
Approx 40% complete for PX3270_TAGAGGCT-CGTGGAGT_2_150bp_3_lanes.merge.fastq.gz
Approx 45% complete for PX3270_TAGAGGCT-CGTGGAGT_2_150bp_3_lanes.merge.fastq.gz
Approx 50% complete for PX3270_TAGAGGCT-CGTGGAGT_2_150bp_3_lanes.merge.fastq.gz
Approx 55% complete for PX3270_TAGAGGCT-CGTGGAGT_2_150bp_3_lanes.merge.fastq.gz
Approx 60% complete for PX3270_TAGAGGCT-CGTGGAGT_2_150bp_3_lanes.merge.fastq.gz
Approx 65% complete for PX3270_TAGAGGCT-CGTGGAGT_2_150bp_3_lanes.merge.fastq.gz
Approx 70% complete for PX3270_TAGAGGCT-CGTGGAGT_2_150bp_3_lanes.merge.fastq.gz
Approx 75% complete for PX3270_TAGAGGCT-CGTGGAGT_2_150bp_3_lanes.merge.fastq.gz
Approx 80% complete for PX3270_TAGAGGCT-CGTGGAGT_2_150bp_3_lanes.merge.fastq.gz
Approx 85% complete for PX3270_TAGAGGCT-CGTGGAGT_2_150bp_3_lanes.merge.fastq.gz
Approx 90% complete for PX3270_TAGAGGCT-CGTGGAGT_2_150bp_3_lanes.merge.fastq.gz
Approx 95% complete for PX3270_TAGAGGCT-CGTGGAGT_2_150bp_3_lanes.merge.fastq.gz
